Arguments: 
  /usr/local/Cellar/node/15.8.0/bin/node /usr/local/bin/yarn init

PATH: 
  /usr/local/sbin:/usr/local/bin:/usr/local/bin:/usr/bin:/bin:/usr/sbin:/sbin:/usr/local/sbin

Yarn version: 
  1.22.11

Node version: 
  15.8.0

Platform: 
  darwin x64

Trace: 
  Error: canceled
      at Interface.<anonymous> (/usr/local/lib/node_modules/yarn/lib/cli.js:137023:13)
      at Interface.emit (node:events:378:20)
      at Interface._ttyWrite (node:readline:973:16)
      at ReadStream.onkeypress (node:readline:259:10)
      at ReadStream.emit (node:events:378:20)
      at emitKeys (node:internal/readline/utils:358:14)
      at emitKeys.next (<anonymous>)
      at ReadStream.onData (node:readline:1242:36)
      at ReadStream.emit (node:events:378:20)
      at addChunk (node:internal/streams/readable:313:12)

npm manifest: 
  {
    "name": "h5",
    "version": "1.0.8",
    "description": "",
    "main": "index.js",
    "scripts": {
      "local": "npm run dev --m local",
      "pro": "npm run build --m pro",
      "dev": "cross-env NODE_ENV=development webpack-dev-server --config build/webpack.dev.conf.js --open",
      "build": "cross-env webpack --config build/webpack.prod.conf.js",
      "server": "live-server ./ --port=8888"
    },
    "author": "lsy",
    "license": "ISC",
    "devDependencies": {
      "@babel/plugin-transform-runtime": "^7.15.0",
      "autoprefixer": "^8.5.0",
      "babel-core": "^6.26.3",
      "babel-loader": "^7.1.4",
      "babel-plugin-transform-runtime": "^6.23.0",
      "babel-polyfill": "^6.26.0",
      "babel-preset-env": "^1.7.0",
      "babel-preset-es2015": "^6.24.1",
      "babel-preset-stage-3": "^6.24.1",
      "clean-webpack-plugin": "^0.1.19",
      "copy-webpack-plugin": "^4.5.1",
      "cross-env": "^5.1.5",
      "css-loader": "^0.28.11",
      "exports-loader": "^0.7.0",
      "extract-text-webpack-plugin": "^4.0.0-beta.0",
      "file-loader": "^1.1.11",
      "glob": "^7.1.3",
      "html-loader": "^0.5.5",
      "html-webpack-plugin": "^3.2.0",
      "html-withimg-loader": "^0.1.16",
      "live-server": "^1.2.0",
      "node-sass": "^4.9.0",
      "optimize-css-assets-webpack-plugin": "^4.0.1",
      "postcss-import": "^11.1.0",
      "postcss-loader": "^2.1.5",
      "postcss-url": "^7.3.2",
      "purify-css": "^1.2.5",
      "purifycss-webpack": "^0.7.0",
      "sass-loader": "^7.0.1",
      "script-loader": "^0.7.2",
      "style-loader": "^0.21.0",
      "uglifyjs-webpack-plugin": "^1.2.5",
      "url-loader": "^1.0.1",
      "webpack": "^4.29.6",
      "webpack-bundle-analyzer": "^2.13.0",
      "webpack-cli": "^3.1.1",
      "webpack-dev-server": "^3.1.4",
      "webpack-merge": "^4.1.2"
    },
    "dependencies": {
      "axios": "^0.21.1",
      "babel-plugin-import": "^1.13.3",
      "babel-runtime": "^6.26.0",
      "core-js": "^3.16.1",
      "js-cookie": "^3.0.0",
      "postcss-plugin-px2rem": "^0.8.1",
      "raw-loader": "^1.0.0",
      "webpack": "^4.29.6"
    },
    "browserslist": [
      "defaults",
      "not ie < 8",
      "last 2 versions",
      "> 1%",
      "iOS 7",
      "last 3 iOS versions"
    ]
  }

yarn manifest: 
  No manifest

Lockfile: 
  No lockfile
